0 info it worked if it ends with ok
1 verbose cli [ '/usr/local/bin/node',
1 verbose cli   '/usr/local/bin/npm',
1 verbose cli   'install',
1 verbose cli   '-g',
1 verbose cli   'nodemon' ]
2 info using npm@2.7.4
3 info using node@v0.12.2
4 silly cache add args [ 'nodemon', null ]
5 verbose cache add spec nodemon
6 silly cache add parsed spec { raw: 'nodemon',
6 silly cache add   scope: null,
6 silly cache add   name: 'nodemon',
6 silly cache add   rawSpec: '',
6 silly cache add   spec: '*',
6 silly cache add   type: 'range' }
7 verbose addNamed nodemon@*
8 silly addNamed semver.valid null
9 silly addNamed semver.validRange *
10 silly addNameRange { name: 'nodemon', range: '*', hasData: false }
11 silly mapToRegistry name nodemon
12 silly mapToRegistry using default registry
13 silly mapToRegistry registry https://registry.npmjs.org/
14 silly mapToRegistry uri https://registry.npmjs.org/nodemon
15 verbose addNameRange registry:https://registry.npmjs.org/nodemon not in flight; fetching
16 verbose request uri https://registry.npmjs.org/nodemon
17 verbose request no auth needed
18 info attempt registry request try #1 at 08:52:14
19 verbose request id 7df7409caa6829d5
20 verbose etag "3BLY9RX9JMGZXL74W5EIJ04VB"
21 http request GET https://registry.npmjs.org/nodemon
22 http 200 https://registry.npmjs.org/nodemon
23 silly get cb [ 200,
23 silly get   { server: 'CouchDB/1.5.0 (Erlang OTP/R16B03)',
23 silly get     etag: '"4158V8FER2AT2F61CPQAE9HV"',
23 silly get     'content-type': 'application/json',
23 silly get     'cache-control': 'max-age=60',
23 silly get     'content-length': '181434',
23 silly get     'accept-ranges': 'bytes',
23 silly get     date: 'Sun, 22 Nov 2015 07:52:14 GMT',
23 silly get     via: '1.1 varnish',
23 silly get     age: '0',
23 silly get     connection: 'keep-alive',
23 silly get     'x-served-by': 'cache-lcy1120-LCY',
23 silly get     'x-cache': 'HIT',
23 silly get     'x-cache-hits': '1',
23 silly get     'x-timer': 'S1448178734.437446,VS0,VE403',
23 silly get     vary: 'Accept' } ]
24 verbose get saving nodemon to /home/tsjuan/.npm/registry.npmjs.org/nodemon/.cache.json
25 silly addNameRange number 2 { name: 'nodemon', range: '*', hasData: true }
26 silly addNameRange versions [ 'nodemon',
26 silly addNameRange   [ '0.1.4',
26 silly addNameRange     '0.1.5',
26 silly addNameRange     '0.1.6',
26 silly addNameRange     '0.1.7',
26 silly addNameRange     '0.1.8',
26 silly addNameRange     '0.2.0',
26 silly addNameRange     '0.2.1',
26 silly addNameRange     '0.2.2',
26 silly addNameRange     '0.3.0',
26 silly addNameRange     '0.3.1',
26 silly addNameRange     '0.3.2',
26 silly addNameRange     '0.4.0',
26 silly addNameRange     '0.4.1',
26 silly addNameRange     '0.5.0',
26 silly addNameRange     '0.5.1',
26 silly addNameRange     '0.5.2',
26 silly addNameRange     '0.5.3',
26 silly addNameRange     '0.5.4',
26 silly addNameRange     '0.5.5',
26 silly addNameRange     '0.5.6',
26 silly addNameRange     '0.5.7',
26 silly addNameRange     '0.6.0',
26 silly addNameRange     '0.6.1',
26 silly addNameRange     '0.6.2',
26 silly addNameRange     '0.6.3',
26 silly addNameRange     '0.6.4',
26 silly addNameRange     '0.6.5',
26 silly addNameRange     '0.6.6',
26 silly addNameRange     '0.6.7',
26 silly addNameRange     '0.6.8',
26 silly addNameRange     '0.6.9',
26 silly addNameRange     '0.6.10',
26 silly addNameRange     '0.6.11',
26 silly addNameRange     '0.6.12',
26 silly addNameRange     '0.6.13',
26 silly addNameRange     '0.6.14',
26 silly addNameRange     '0.6.15',
26 silly addNameRange     '0.6.16',
26 silly addNameRange     '0.6.17',
26 silly addNameRange     '0.6.18',
26 silly addNameRange     '0.6.19',
26 silly addNameRange     '0.6.20',
26 silly addNameRange     '0.6.21',
26 silly addNameRange     '0.6.22',
26 silly addNameRange     '0.6.23',
26 silly addNameRange     '0.7.0',
26 silly addNameRange     '0.7.1',
26 silly addNameRange     '0.7.2',
26 silly addNameRange     '0.7.3',
26 silly addNameRange     '0.7.4',
26 silly addNameRange     '0.7.5',
26 silly addNameRange     '0.7.6',
26 silly addNameRange     '0.7.7',
26 silly addNameRange     '0.7.8',
26 silly addNameRange     '0.7.10',
26 silly addNameRange     '0.9.0',
26 silly addNameRange     '0.9.1',
26 silly addNameRange     '0.9.2',
26 silly addNameRange     '0.9.3',
26 silly addNameRange     '0.9.5',
26 silly addNameRange     '0.9.6',
26 silly addNameRange     '0.9.7',
26 silly addNameRange     '0.9.10',
26 silly addNameRange     '0.9.11',
26 silly addNameRange     '0.9.12',
26 silly addNameRange     '0.9.14',
26 silly addNameRange     '0.9.16',
26 silly addNameRange     '0.9.17',
26 silly addNameRange     '1.0.0',
26 silly addNameRange     '1.0.1',
26 silly addNameRange     '1.0.2',
26 silly addNameRange     '1.0.2-rc',
26 silly addNameRange     '0.6.10-a',
26 silly addNameRange     '1.0.2-rc3',
26 silly addNameRange     '1.0.2-rc4',
26 silly addNameRange     '1.0.3',
26 silly addNameRange     '1.0.4',
26 silly addNameRange     '1.0.5',
26 silly addNameRange     '1.0.6',
26 silly addNameRange     '1.0.7',
26 silly addNameRange     '1.0.8',
26 silly addNameRange     '1.0.9',
26 silly addNameRange     '1.0.10',
26 silly addNameRange     '1.0.11',
26 silly addNameRange     '1.0.12',
26 silly addNameRange     '1.0.13',
26 silly addNameRange     '1.0.14',
26 silly addNameRange     '1.0.15',
26 silly addNameRange     '1.0.16',
26 silly addNameRange     '1.0.17-rc1',
26 silly addNameRange     '1.0.17-rc2',
26 silly addNameRange     '1.0.17',
26 silly addNameRange     '1.0.18',
26 silly addNameRange     '1.0.19',
26 silly addNameRange     '1.0.20',
26 silly addNameRange     '1.1.0-alpha',
26 silly addNameRange     '1.1.0',
26 silly addNameRange     '1.1.1',
26 silly addNameRange     '1.2.0',
26 silly addNameRange     '1.2.1',
26 silly addNameRange     '1.3.0-0',
26 silly addNameRange     '1.3.0-1',
26 silly addNameRange     '1.3.0-2',
26 silly addNameRange     '1.3.0-3',
26 silly addNameRange     '1.3.0-4',
26 silly addNameRange     '1.3.0-5',
26 silly addNameRange     '1.3.0-6',
26 silly addNameRange     '1.3.0-7',
26 silly addNameRange     '1.3.0',
26 silly addNameRange     '1.3.1',
26 silly addNameRange     '1.3.2',
26 silly addNameRange     '1.3.3',
26 silly addNameRange     '1.3.5',
26 silly addNameRange     '1.3.6',
26 silly addNameRange     '1.3.7',
26 silly addNameRange     '1.3.8',
26 silly addNameRange     '1.4.0',
26 silly addNameRange     '1.4.1',
26 silly addNameRange     '1.5.0-alpha1',
26 silly addNameRange     '1.5.0-alpha2',
26 silly addNameRange     '1.5.0-alpha3',
26 silly addNameRange     '1.5.0-alpha4',
26 silly addNameRange     '1.4.2',
26 silly addNameRange     '1.5.0',
26 silly addNameRange     '1.5.1',
26 silly addNameRange     '1.6.0',
26 silly addNameRange     '1.6.1',
26 silly addNameRange     '1.7.0',
26 silly addNameRange     '1.7.1',
26 silly addNameRange     '1.7.2',
26 silly addNameRange     '1.7.3',
26 silly addNameRange     '1.8.0',
26 silly addNameRange     '1.8.1' ] ]
27 verbose addNamed nodemon@1.8.1
28 silly addNamed semver.valid 1.8.1
29 silly addNamed semver.validRange 1.8.1
30 silly cache afterAdd nodemon@1.8.1
31 verbose afterAdd /home/tsjuan/.npm/nodemon/1.8.1/package/package.json not in flight; writing
32 verbose afterAdd /home/tsjuan/.npm/nodemon/1.8.1/package/package.json written
33 silly install resolved [ { name: 'nodemon',
33 silly install resolved     homepage: 'http://nodemon.io',
33 silly install resolved     author: { name: 'Remy Sharp', url: 'http://github.com/remy' },
33 silly install resolved     bin: { nodemon: './bin/nodemon.js' },
33 silly install resolved     engines: { node: '>=0.8' },
33 silly install resolved     repository: { type: 'git', url: 'git+https://github.com/remy/nodemon.git' },
33 silly install resolved     description: 'Simple monitor script for use during development of a node.js app.',
33 silly install resolved     keywords:
33 silly install resolved      [ 'monitor',
33 silly install resolved        'development',
33 silly install resolved        'restart',
33 silly install resolved        'autoload',
33 silly install resolved        'reload',
33 silly install resolved        'terminal' ],
33 silly install resolved     preferGlobal: 'true',
33 silly install resolved     license: 'MIT',
33 silly install resolved     main: './lib/nodemon',
33 silly install resolved     scripts:
33 silly install resolved      { coverage: 'istanbul cover _mocha -- --timeout 30000 --ui bdd --reporter list test/**/*.test.js',
33 silly install resolved        lint: 'jscs lib/**/*.js -v',
33 silly install resolved        ':spec': 'mocha --timeout 30000 --ui bdd test/**/*.test.js',
33 silly install resolved        test: 'npm run lint && npm run spec',
33 silly install resolved        spec: 'for FILE in test/**/*.test.js; do echo $FILE; ./node_modules/.bin/mocha --timeout 30000 $FILE; if [ $? -ne 0 ]; then exit 1; fi; sleep 1; done',
33 silly install resolved        web: 'node web',
33 silly install resolved        'semantic-release': 'semantic-release pre && npm publish && semantic-release post' },
33 silly install resolved     devDependencies:
33 silly install resolved      { async: '1.4.2',
33 silly install resolved        'coffee-script': '~1.7.1',
33 silly install resolved        connect: '~2.19.1',
33 silly install resolved        istanbul: '~0.2.10',
33 silly install resolved        jscs: '2.1.1',
33 silly install resolved        mocha: '2.3.3',
33 silly install resolved        should: '~4.0.0',
33 silly install resolved        'semantic-release': '4.3.5' },
33 silly install resolved     dependencies:
33 silly install resolved      { chokidar: '^1.2.0',
33 silly install resolved        debug: '^2.2.0',
33 silly install resolved        'es6-promise': '^3.0.2',
33 silly install resolved        'lodash.defaults': '^3.1.2',
33 silly install resolved        minimatch: '^3.0.0',
33 silly install resolved        'ps-tree': '^1.0.1',
33 silly install resolved        touch: '1.0.0',
33 silly install resolved        undefsafe: '0.0.3',
33 silly install resolved        'update-notifier': '0.5.0' },
33 silly install resolved     version: '1.8.1',
33 silly install resolved     gitHead: 'b292ae74b7c43407a52ce2d33d36ff218f4245ed',
33 silly install resolved     bugs: { url: 'https://github.com/remy/nodemon/issues' },
33 silly install resolved     _id: 'nodemon@1.8.1',
33 silly install resolved     _shasum: '75cfd7ac167e938cdab7313c839bc45a1859bb32',
33 silly install resolved     _from: 'nodemon@*',
33 silly install resolved     _npmVersion: '2.14.9',
33 silly install resolved     _nodeVersion: '4.2.1',
33 silly install resolved     _npmUser: { name: 'remy', email: 'remy@leftlogic.com' },
33 silly install resolved     dist:
33 silly install resolved      { shasum: '75cfd7ac167e938cdab7313c839bc45a1859bb32',
33 silly install resolved        tarball: 'http://registry.npmjs.org/nodemon/-/nodemon-1.8.1.tgz' },
33 silly install resolved     maintainers: [ [Object] ],
33 silly install resolved     directories: {},
33 silly install resolved     _resolved: 'https://registry.npmjs.org/nodemon/-/nodemon-1.8.1.tgz',
33 silly install resolved     readme: 'ERROR: No README data found!' } ]
34 info install nodemon@1.8.1 into /usr/local/lib
35 info installOne nodemon@1.8.1
36 verbose installOne of nodemon to /usr/local/lib not in flight; installing
37 verbose lock using /home/tsjuan/.npm/_locks/nodemon-49f7ed19e778991e.lock for /usr/local/lib/node_modules/nodemon
38 silly install write writing nodemon 1.8.1 to /usr/local/lib/node_modules/nodemon
39 silly cache addNamed cb nodemon@1.8.1
40 verbose unbuild lib/node_modules/nodemon
41 info preuninstall nodemon@1.8.1
42 info uninstall nodemon@1.8.1
43 verbose unbuild rmStuff nodemon@1.8.1 from /usr/local/lib/node_modules
44 silly gentlyRm /usr/local/bin/nodemon is being gently removed
45 silly gentlyRm verifying /usr/local is an npm working directory
46 silly gentlyRm containing path /usr/local is under npm's control, in /usr/local
47 silly gentlyRm deletion target /usr/local/bin/nodemon is under /usr/local
48 verbose gentlyRm vacuuming from /usr/local/bin/nodemon up to /usr/local
49 silly vacuum-fs removing /usr/local/bin/nodemon
50 verbose unlock done using /home/tsjuan/.npm/_locks/nodemon-49f7ed19e778991e.lock for /usr/local/lib/node_modules/nodemon
51 verbose stack Error: EACCES, unlink '/usr/local/bin/nodemon'
51 verbose stack     at Error (native)
52 verbose cwd /home/tsjuan/Escritorio/storm-back
53 error Linux 3.16.0-50-generic
54 error argv "/usr/local/bin/node" "/usr/local/bin/npm" "install" "-g" "nodemon"
55 error node v0.12.2
56 error npm  v2.7.4
57 error path /usr/local/bin/nodemon
58 error code EACCES
59 error errno -13
60 error Error: EACCES, unlink '/usr/local/bin/nodemon'
60 error     at Error (native)
60 error  { [Error: EACCES, unlink '/usr/local/bin/nodemon'] errno: -13, code: 'EACCES', path: '/usr/local/bin/nodemon' }
61 error Please try running this command again as root/Administrator.
62 verbose exit [ -13, true ]
63 verbose unbuild lib/node_modules/nodemon
64 info preuninstall nodemon@1.8.1
65 info uninstall nodemon@1.8.1
66 verbose unbuild rmStuff nodemon@1.8.1 from /usr/local/lib/node_modules
67 silly gentlyRm /usr/local/bin/nodemon is being gently removed
68 silly gentlyRm verifying /usr/local is an npm working directory
69 silly gentlyRm containing path /usr/local is under npm's control, in /usr/local
70 silly gentlyRm deletion target /usr/local/bin/nodemon is under /usr/local
71 verbose gentlyRm vacuuming from /usr/local/bin/nodemon up to /usr/local
72 silly vacuum-fs removing /usr/local/bin/nodemon
73 error error rolling back Error: EACCES, unlink '/usr/local/bin/nodemon'
73 error error rolling back     at Error (native)
73 error error rolling back  { [Error: EACCES, unlink '/usr/local/bin/nodemon'] errno: -13, code: 'EACCES', path: '/usr/local/bin/nodemon' }
